<?xml version="1.0" encoding="UTF-8"?>
<!-- Generated by org.testng.reporters.JUnitReportReporter -->
<testsuite hostname="ws-tall-71" name="testng.Optimizer" tests="1" failures="0" timestamp="29 Feb 2016 14:10:19 GMT" time="106.341" errors="0">
  <testcase name="optimizer" time="106.341" classname="testng.Optimizer"/>
</testsuite> <!-- testng.Optimizer -->
