<?xml version="1.0" encoding="UTF-8"?>
<!-- Generated by org.testng.reporters.JUnitReportReporter -->
<testsuite hostname="ws-tall-71" name="testng.OptimizerMiniTest" tests="1" failures="0" timestamp="7 Mar 2016 16:23:21 GMT" time="34.644" errors="0">
  <testcase name="optimizerMiniTest" time="34.644" classname="testng.OptimizerMiniTest"/>
</testsuite> <!-- testng.OptimizerMiniTest -->
